<?xml version="1.0" encoding="UTF-8"?>
<testng-results ignored="0" total="2" passed="2" failed="0" skipped="0">
  <reporter-output>
  </reporter-output>
  <suite started-at="2024-08-07T12:50:10 IST" name="Suite" finished-at="2024-08-07T12:50:32 IST" duration-ms="22963">
    <groups>
    </groups>
    <test started-at="2024-08-07T12:50:10 IST" name="Test" finished-at="2024-08-07T12:50:32 IST" duration-ms="22963">
      <class name="pac1.FromCityTest">
        <test-method is-config="true" signature="beforeClass()[pri:0, instance:pac1.FromCityTest@6e005dc9]" started-at="2024-08-07T12:50:10 IST" name="beforeClass" finished-at="2024-08-07T12:50:22 IST" duration-ms="12756" status="PASS">
          <reporter-output>
          </reporter-output>
        </test-method> <!-- beforeClass -->
        <test-method signature="fTest()[pri:0, instance:pac1.FromCityTest@6e005dc9]" started-at="2024-08-07T12:50:22 IST" name="fTest" finished-at="2024-08-07T12:50:26 IST" duration-ms="3645" status="PASS">
          <reporter-output>
          </reporter-output>
        </test-method> <!-- fTest -->
        <test-method is-config="true" signature="afterClass()[pri:0, instance:pac1.FromCityTest@6e005dc9]" started-at="2024-08-07T12:50:26 IST" name="afterClass" finished-at="2024-08-07T12:50:27 IST" duration-ms="506" status="PASS">
          <reporter-output>
          </reporter-output>
        </test-method> <!-- afterClass -->
      </class> <!-- pac1.FromCityTest -->
      <class name="pac1.NewTest">
        <test-method is-config="true" signature="beforeClass()[pri:0, instance:pac1.NewTest@7ceb3185]" started-at="2024-08-07T12:50:27 IST" name="beforeClass" finished-at="2024-08-07T12:50:32 IST" duration-ms="4866" status="PASS">
          <reporter-output>
          </reporter-output>
        </test-method> <!-- beforeClass -->
        <test-method signature="fTest()[pri:0, instance:pac1.NewTest@7ceb3185]" started-at="2024-08-07T12:50:32 IST" name="fTest" finished-at="2024-08-07T12:50:32 IST" duration-ms="210" status="PASS">
          <reporter-output>
          </reporter-output>
        </test-method> <!-- fTest -->
        <test-method is-config="true" signature="afterClass()[pri:0, instance:pac1.NewTest@7ceb3185]" started-at="2024-08-07T12:50:32 IST" name="afterClass" finished-at="2024-08-07T12:50:32 IST" duration-ms="485" status="PASS">
          <reporter-output>
          </reporter-output>
        </test-method> <!-- afterClass -->
      </class> <!-- pac1.NewTest -->
    </test> <!-- Test -->
  </suite> <!-- Suite -->
</testng-results>
